<?xml version="1.0" encoding="UTF-8"?>
<!-- Generated by org.testng.reporters.JUnitReportReporter -->
<testsuite hostname="LAPTOP-GL960EEL" failures="0" tests="1" name="TutorialNinja.register.TC_RF_003" time="16.963" errors="0" timestamp="2025-04-18T16:51:43 IST" skipped="0">
  <testcase classname="TutorialNinja.register.TC_RF_003" name="verifyRegisterAccountWithAllFields" time="16.963"/>
</testsuite> <!-- TutorialNinja.register.TC_RF_003 -->
