<?xml version="1.0" encoding="UTF-8"?>
<!-- Generated by org.testng.reporters.JUnitReportReporter -->
<testsuite hostname="LAPTOP-GL960EEL" failures="0" tests="1" name="TutorialNinja.register.TC_RF_001" time="6.429" errors="0" timestamp="2024-12-25T23:36:05 IST" skipped="0">
  <testcase classname="TutorialNinja.register.TC_RF_001" name="verifyRegisteringWithMandatoryFields" time="6.429"/>
</testsuite> <!-- TutorialNinja.register.TC_RF_001 -->
